0 info it worked if it ends with ok
1 verbose cli [ 'C:\\nvm1\\node.exe',
1 verbose cli   'C:\\nvm1\\node_modules\\npm\\bin\\npm-cli.js',
1 verbose cli   'run',
1 verbose cli   'dev' ]
2 info using npm@3.10.3
3 info using node@v6.5.0
4 verbose run-script [ 'predev', 'dev', 'postdev' ]
5 info lifecycle Elastic-Beanstalk-Sample-App@0.0.1~predev: Elastic-Beanstalk-Sample-App@0.0.1
6 silly lifecycle Elastic-Beanstalk-Sample-App@0.0.1~predev: no script for predev, continuing
7 info lifecycle Elastic-Beanstalk-Sample-App@0.0.1~dev: Elastic-Beanstalk-Sample-App@0.0.1
8 verbose lifecycle Elastic-Beanstalk-Sample-App@0.0.1~dev: unsafe-perm in lifecycle true
9 verbose lifecycle Elastic-Beanstalk-Sample-App@0.0.1~dev: PATH: C:\nvm\nvm\v6.5.0\node_modules\npm\bin\node-gyp-bin;E:\lottery\node_modules\.bin;C:\nvm1;C:\Ruby23-x64\bin;C:\ProgramData\Oracle\Java\javapath;C:\Program Files (x86)\Intel\iCLS Client\;C:\Program Files\Intel\iCLS Client\;C:\WINDOWS\system32;C:\WINDOWS;C:\WINDOWS\System32\Wbem;C:\WINDOWS\System32\WindowsPowerShell\v1.0\;C:\Program Files (x86)\Intel\Intel(R) Management Engine Components\DAL;C:\Program Files\Intel\Intel(R) Management Engine Components\DAL;C:\Program Files (x86)\Intel\Intel(R) Management Engine Components\IPT;C:\Program Files\Intel\Intel(R) Management Engine Components\IPT;C:\program files (x86)\skype\Phone\;C:\WINDOWS\system32\config\systemprofile\.dnx\bin;C:\Program Files\Microsoft DNX\Dnvm\;C:\Program Files\Microsoft SQL Server\130\Tools\Binn\;C:\Program Files\TortoiseSVN\bin;C:\Program Files (x86)\Windows Kits\8.1\Windows Performance Toolkit\;C:\nvm\nvm;C:\nvm1;C:\Android\sdk\tools;C:\Android\sdk\platform-tools;E:\matlab\runtime\win64;E:\matlab\bin;E:\matlab\polyspace\bin;C:\Program Files\Git\cmd;C:\Users\Dima Graebert\AppData\Local\Microsoft\WindowsApps;C:\Users\Dima Graebert\AppData\Roaming\npm;C:\nvm\nvm;C:\nvm1
10 verbose lifecycle Elastic-Beanstalk-Sample-App@0.0.1~dev: CWD: E:\lottery
11 silly lifecycle Elastic-Beanstalk-Sample-App@0.0.1~dev: Args: [ '/d /s /c',
11 silly lifecycle   'concurrently --kill-others "npm run server" "npm run ui"' ]
12 silly lifecycle Elastic-Beanstalk-Sample-App@0.0.1~dev: Returned: code: 1  signal: null
13 info lifecycle Elastic-Beanstalk-Sample-App@0.0.1~dev: Failed to exec dev script
14 verbose stack Error: Elastic-Beanstalk-Sample-App@0.0.1 dev: `concurrently --kill-others "npm run server" "npm run ui"`
14 verbose stack Exit status 1
14 verbose stack     at EventEmitter.<anonymous> (C:\nvm\nvm\v6.5.0\node_modules\npm\lib\utils\lifecycle.js:242:16)
14 verbose stack     at emitTwo (events.js:106:13)
14 verbose stack     at EventEmitter.emit (events.js:191:7)
14 verbose stack     at ChildProcess.<anonymous> (C:\nvm\nvm\v6.5.0\node_modules\npm\lib\utils\spawn.js:40:14)
14 verbose stack     at emitTwo (events.js:106:13)
14 verbose stack     at ChildProcess.emit (events.js:191:7)
14 verbose stack     at maybeClose (internal/child_process.js:877:16)
14 verbose stack     at Process.ChildProcess._handle.onexit (internal/child_process.js:226:5)
15 verbose pkgid Elastic-Beanstalk-Sample-App@0.0.1
16 verbose cwd E:\lottery
17 error Windows_NT 10.0.14393
18 error argv "C:\\nvm1\\node.exe" "C:\\nvm1\\node_modules\\npm\\bin\\npm-cli.js" "run" "dev"
19 error node v6.5.0
20 error npm  v3.10.3
21 error code ELIFECYCLE
22 error Elastic-Beanstalk-Sample-App@0.0.1 dev: `concurrently --kill-others "npm run server" "npm run ui"`
22 error Exit status 1
23 error Failed at the Elastic-Beanstalk-Sample-App@0.0.1 dev script 'concurrently --kill-others "npm run server" "npm run ui"'.
23 error Make sure you have the latest version of node.js and npm installed.
23 error If you do, this is most likely a problem with the Elastic-Beanstalk-Sample-App package,
23 error not with npm itself.
23 error Tell the author that this fails on your system:
23 error     concurrently --kill-others "npm run server" "npm run ui"
23 error You can get information on how to open an issue for this project with:
23 error     npm bugs Elastic-Beanstalk-Sample-App
23 error Or if that isn't available, you can get their info via:
23 error     npm owner ls Elastic-Beanstalk-Sample-App
23 error There is likely additional logging output above.
24 verbose exit [ 1, true ]
